[17309:1112/134117:ERROR:browser_main_loop.cc(173)] Running without the SUID sandbox! See https://code.google.com/p/chromium/wiki/LinuxSUIDSandboxDevelopment for more information on developing with the sandbox on.
[17309:1112/134117:WARNING:accelerator_util.cc(185)] Invalid accelerator token: command
[17309:1112/134117:WARNING:accelerator_util.cc(185)] Invalid accelerator token: command
[17309:1112/134117:WARNING:accelerator_util.cc(185)] Invalid accelerator token: command
[17309:1112/134117:WARNING:accelerator_util.cc(185)] Invalid accelerator token: command
[17341:1112/134117:INFO:renderer_main.cc(200)] Renderer process started
App load time: 494ms
[17309:1112/134117:WARNING:accelerator_util.cc(185)] Invalid accelerator token: command
[17309:1112/134117:WARNING:accelerator_util.cc(185)] Invalid accelerator token: command
[17309:1112/134117:WARNING:accelerator_util.cc(185)] Invalid accelerator token: command
[17309:1112/134117:WARNING:accelerator_util.cc(185)] Invalid accelerator token: command
[17309:1112/134120:INFO:CONSOLE(46)] "Window load time: 2592ms", source: file:///usr/share/atom/resources/app.asar/static/index.js (46)
[17330:1112/134120:ERROR:gles2_cmd_decoder.cc(11539)] [GroupMarkerNotSet(crbug.com/242999)!:D04E50446F140000]GL ERROR :GL_INVALID_OPERATION : glTexStorage2DEXT: <- error from previous GL command
[17330:1112/134223:ERROR:gles2_cmd_decoder.cc(11539)] [GroupMarkerNotSet(crbug.com/242999)!:D03884486F140000]GL ERROR :GL_INVALID_OPERATION : glTexStorage2DEXT: <- error from previous GL command
[17330:1112/134225:ERROR:gles2_cmd_decoder.cc(11539)] [GroupMarkerNotSet(crbug.com/242999)!:D0DCCE496F140000]GL ERROR :GL_INVALID_OPERATION : glTexStorage2DEXT: <- error from previous GL command
[17330:1112/134331:ERROR:gles2_cmd_decoder.cc(11539)] [GroupMarkerNotSet(crbug.com/242999)!:D0FACE496F140000]GL ERROR :GL_INVALID_OPERATION : glTexStorage2DEXT: <- error from previous GL command
[17309:1112/140335:INFO:CONSOLE(0)] "Uncaught (in promise) undefined", source: file:///usr/share/atom/resources/app.asar/static/index.html#%7B%22locationsToOpen%22%3A%5B%7B%7D%5D%2C%22bootstrapScript%22%3A%22%2Fusr%2Fshare%2Fatom%2Fresources%2Fapp.asar%2Fsrc%2Fwindow-bootstrap.js%22%2C%22resourcePath%22%3A%22%2Fusr%2Fshare%2Fatom%2Fresources%2Fapp.asar%22%2C%22devMode%22%3Afalse%2C%22safeMode%22%3Afalse%2C%22profileStartup%22%3Afalse%2C%22appVersion%22%3A%221.1.0%22%2C%22shellLoadTime%22%3A486%2C%22initialPaths%22%3A%5B%22%2Fhome%2Fchamp%2FGit%2Fcrows%22%5D%7D (0)
[17309:1112/140335:INFO:CONSOLE(0)] "Uncaught (in promise) undefined", source: file:///usr/share/atom/resources/app.asar/static/index.html#%7B%22locationsToOpen%22%3A%5B%7B%7D%5D%2C%22bootstrapScript%22%3A%22%2Fusr%2Fshare%2Fatom%2Fresources%2Fapp.asar%2Fsrc%2Fwindow-bootstrap.js%22%2C%22resourcePath%22%3A%22%2Fusr%2Fshare%2Fatom%2Fresources%2Fapp.asar%22%2C%22devMode%22%3Afalse%2C%22safeMode%22%3Afalse%2C%22profileStartup%22%3Afalse%2C%22appVersion%22%3A%221.1.0%22%2C%22shellLoadTime%22%3A486%2C%22initialPaths%22%3A%5B%22%2Fhome%2Fchamp%2FGit%2Fcrows%22%5D%7D (0)
[17309:1112/140335:INFO:CONSOLE(0)] "Uncaught (in promise) undefined", source: file:///usr/share/atom/resources/app.asar/static/index.html#%7B%22locationsToOpen%22%3A%5B%7B%7D%5D%2C%22bootstrapScript%22%3A%22%2Fusr%2Fshare%2Fatom%2Fresources%2Fapp.asar%2Fsrc%2Fwindow-bootstrap.js%22%2C%22resourcePath%22%3A%22%2Fusr%2Fshare%2Fatom%2Fresources%2Fapp.asar%22%2C%22devMode%22%3Afalse%2C%22safeMode%22%3Afalse%2C%22profileStartup%22%3Afalse%2C%22appVersion%22%3A%221.1.0%22%2C%22shellLoadTime%22%3A486%2C%22initialPaths%22%3A%5B%22%2Fhome%2Fchamp%2FGit%2Fcrows%22%5D%7D (0)
[17309:1112/140335:INFO:CONSOLE(0)] "Uncaught (in promise) undefined", source: file:///usr/share/atom/resources/app.asar/static/index.html#%7B%22locationsToOpen%22%3A%5B%7B%7D%5D%2C%22bootstrapScript%22%3A%22%2Fusr%2Fshare%2Fatom%2Fresources%2Fapp.asar%2Fsrc%2Fwindow-bootstrap.js%22%2C%22resourcePath%22%3A%22%2Fusr%2Fshare%2Fatom%2Fresources%2Fapp.asar%22%2C%22devMode%22%3Afalse%2C%22safeMode%22%3Afalse%2C%22profileStartup%22%3Afalse%2C%22appVersion%22%3A%221.1.0%22%2C%22shellLoadTime%22%3A486%2C%22initialPaths%22%3A%5B%22%2Fhome%2Fchamp%2FGit%2Fcrows%22%5D%7D (0)
[17309:1112/140335:INFO:CONSOLE(0)] "Uncaught (in promise) undefined", source: file:///usr/share/atom/resources/app.asar/static/index.html#%7B%22locationsToOpen%22%3A%5B%7B%7D%5D%2C%22bootstrapScript%22%3A%22%2Fusr%2Fshare%2Fatom%2Fresources%2Fapp.asar%2Fsrc%2Fwindow-bootstrap.js%22%2C%22resourcePath%22%3A%22%2Fusr%2Fshare%2Fatom%2Fresources%2Fapp.asar%22%2C%22devMode%22%3Afalse%2C%22safeMode%22%3Afalse%2C%22profileStartup%22%3Afalse%2C%22appVersion%22%3A%221.1.0%22%2C%22shellLoadTime%22%3A486%2C%22initialPaths%22%3A%5B%22%2Fhome%2Fchamp%2FGit%2Fcrows%22%5D%7D (0)
[17309:1112/140335:INFO:CONSOLE(0)] "Uncaught (in promise) undefined", source: file:///usr/share/atom/resources/app.asar/static/index.html#%7B%22locationsToOpen%22%3A%5B%7B%7D%5D%2C%22bootstrapScript%22%3A%22%2Fusr%2Fshare%2Fatom%2Fresources%2Fapp.asar%2Fsrc%2Fwindow-bootstrap.js%22%2C%22resourcePath%22%3A%22%2Fusr%2Fshare%2Fatom%2Fresources%2Fapp.asar%22%2C%22devMode%22%3Afalse%2C%22safeMode%22%3Afalse%2C%22profileStartup%22%3Afalse%2C%22appVersion%22%3A%221.1.0%22%2C%22shellLoadTime%22%3A486%2C%22initialPaths%22%3A%5B%22%2Fhome%2Fchamp%2FGit%2Fcrows%22%5D%7D (0)
[17309:1112/140335:INFO:CONSOLE(0)] "Uncaught (in promise) undefined", source: file:///usr/share/atom/resources/app.asar/static/index.html#%7B%22locationsToOpen%22%3A%5B%7B%7D%5D%2C%22bootstrapScript%22%3A%22%2Fusr%2Fshare%2Fatom%2Fresources%2Fapp.asar%2Fsrc%2Fwindow-bootstrap.js%22%2C%22resourcePath%22%3A%22%2Fusr%2Fshare%2Fatom%2Fresources%2Fapp.asar%22%2C%22devMode%22%3Afalse%2C%22safeMode%22%3Afalse%2C%22profileStartup%22%3Afalse%2C%22appVersion%22%3A%221.1.0%22%2C%22shellLoadTime%22%3A486%2C%22initialPaths%22%3A%5B%22%2Fhome%2Fchamp%2FGit%2Fcrows%22%5D%7D (0)
[17309:1112/140335:INFO:CONSOLE(0)] "Uncaught (in promise) undefined", source: file:///usr/share/atom/resources/app.asar/static/index.html#%7B%22locationsToOpen%22%3A%5B%7B%7D%5D%2C%22bootstrapScript%22%3A%22%2Fusr%2Fshare%2Fatom%2Fresources%2Fapp.asar%2Fsrc%2Fwindow-bootstrap.js%22%2C%22resourcePath%22%3A%22%2Fusr%2Fshare%2Fatom%2Fresources%2Fapp.asar%22%2C%22devMode%22%3Afalse%2C%22safeMode%22%3Afalse%2C%22profileStartup%22%3Afalse%2C%22appVersion%22%3A%221.1.0%22%2C%22shellLoadTime%22%3A486%2C%22initialPaths%22%3A%5B%22%2Fhome%2Fchamp%2FGit%2Fcrows%22%5D%7D (0)
[17341:1112/140336:WARNING:channel.cc(549)] Failed to send message to ack remove remote endpoint (local ID 2147483648, remote ID 2)
